{"/media/marcos/marcos-hd/Documents/rocket/appcademy/src/assets/icons/Back.tsx": {"path":"/media/marcos/marcos-hd/Documents/rocket/appcademy/src/assets/icons/Back.tsx","statementMap":{"0":{"start":{"line":4,"column":13},"end":{"line":19,"column":1}},"1":{"start":{"line":5,"column":2},"end":{"line":18,"column":8}}},"fnMap":{"0":{"name":"(anonymous_0)","decl":{"start":{"line":4,"column":13},"end":{"line":4,"column":14}},"loc":{"start":{"line":5,"column":2},"end":{"line":18,"column":8}},"line":5}},"branchMap":{},"s":{"0":1,"1":2},"f":{"0":2},"b":{},"_coverageSchema":"1a1c01bbd47fc00a2c39e90264f33305004495a9","hash":"2c751f0a528bd4f6c70a0fb38263e78af5add8f2"}
,"/media/marcos/marcos-hd/Documents/rocket/appcademy/src/assets/icons/Computer.tsx": {"path":"/media/marcos/marcos-hd/Documents/rocket/appcademy/src/assets/icons/Computer.tsx","statementMap":{"0":{"start":{"line":4,"column":17},"end":{"line":59,"column":1}},"1":{"start":{"line":5,"column":2},"end":{"line":58,"column":8}}},"fnMap":{"0":{"name":"(anonymous_0)","decl":{"start":{"line":4,"column":17},"end":{"line":4,"column":18}},"loc":{"start":{"line":5,"column":2},"end":{"line":58,"column":8}},"line":5}},"branchMap":{},"s":{"0":1,"1":0},"f":{"0":0},"b":{},"_coverageSchema":"1a1c01bbd47fc00a2c39e90264f33305004495a9","hash":"c1eeb74bcd7bdec56a8863b570a5584c0515d169"}
,"/media/marcos/marcos-hd/Documents/rocket/appcademy/src/assets/icons/index.ts": {"path":"/media/marcos/marcos-hd/Documents/rocket/appcademy/src/assets/icons/index.ts","statementMap":{},"fnMap":{},"branchMap":{},"s":{},"f":{},"b":{},"_coverageSchema":"1a1c01bbd47fc00a2c39e90264f33305004495a9","hash":"46e4117ecabcb5f5928933fe90c1cbf2cb18872b"}
,"/media/marcos/marcos-hd/Documents/rocket/appcademy/src/components/index.tsx": {"path":"/media/marcos/marcos-hd/Documents/rocket/appcademy/src/components/index.tsx","statementMap":{},"fnMap":{},"branchMap":{},"s":{},"f":{},"b":{},"_coverageSchema":"1a1c01bbd47fc00a2c39e90264f33305004495a9","hash":"9e84ddcd107660d958a95c05f424dcd3a0b95f40"}
,"/media/marcos/marcos-hd/Documents/rocket/appcademy/src/components/Card/index.tsx": {"path":"/media/marcos/marcos-hd/Documents/rocket/appcademy/src/components/Card/index.tsx","statementMap":{"0":{"start":{"line":8,"column":13},"end":{"line":16,"column":1}},"1":{"start":{"line":9,"column":2},"end":{"line":15,"column":9}}},"fnMap":{"0":{"name":"(anonymous_0)","decl":{"start":{"line":8,"column":13},"end":{"line":8,"column":14}},"loc":{"start":{"line":9,"column":2},"end":{"line":15,"column":9}},"line":9}},"branchMap":{},"s":{"0":1,"1":0},"f":{"0":0},"b":{},"_coverageSchema":"1a1c01bbd47fc00a2c39e90264f33305004495a9","hash":"d18acc57e3b9a559144d81b2565ebbec6e4dac44"}
,"/media/marcos/marcos-hd/Documents/rocket/appcademy/src/components/Card/styles.ts": {"path":"/media/marcos/marcos-hd/Documents/rocket/appcademy/src/components/Card/styles.ts","statementMap":{"0":{"start":{"line":3,"column":15},"end":{"line":19,"column":2}}},"fnMap":{},"branchMap":{},"s":{"0":1},"f":{},"b":{},"_coverageSchema":"1a1c01bbd47fc00a2c39e90264f33305004495a9","hash":"3a6222cf0c1f2839ba79edcc2974f98df9d165de"}
,"/media/marcos/marcos-hd/Documents/rocket/appcademy/src/components/Header/index.tsx": {"path":"/media/marcos/marcos-hd/Documents/rocket/appcademy/src/components/Header/index.tsx","statementMap":{"0":{"start":{"line":8,"column":15},"end":{"line":16,"column":1}},"1":{"start":{"line":9,"column":2},"end":{"line":15,"column":9}}},"fnMap":{"0":{"name":"(anonymous_0)","decl":{"start":{"line":8,"column":15},"end":{"line":8,"column":16}},"loc":{"start":{"line":9,"column":2},"end":{"line":15,"column":9}},"line":9}},"branchMap":{},"s":{"0":1,"1":2},"f":{"0":2},"b":{},"_coverageSchema":"1a1c01bbd47fc00a2c39e90264f33305004495a9","hash":"455ff92bc925b1ccfa093163556e9fb5abb7edb6"}
,"/media/marcos/marcos-hd/Documents/rocket/appcademy/src/components/Header/styles.ts": {"path":"/media/marcos/marcos-hd/Documents/rocket/appcademy/src/components/Header/styles.ts","statementMap":{"0":{"start":{"line":3,"column":15},"end":{"line":19,"column":2}}},"fnMap":{},"branchMap":{},"s":{"0":1},"f":{},"b":{},"_coverageSchema":"1a1c01bbd47fc00a2c39e90264f33305004495a9","hash":"6a7424ee9ba4454f80cbe93ff4e7d1eacaf6f0e5"}
}
